#
# There is insufficient memory for the Java Runtime Environment to continue.
# Native memory allocation (malloc) failed to allocate 1048576 bytes for AllocateHeap
# Possible reasons:
#   The system is out of physical RAM or swap space
#   The process is running with CompressedOops enabled, and the Java Heap may be blocking the growth of the native heap
# Possible solutions:
#   Reduce memory load on the system
#   Increase physical memory or swap space
#   Check if swap backing store is full
#   Decrease Java heap size (-Xmx/-Xms)
#   Decrease number of Java threads
#   Decrease Java thread stack sizes (-Xss)
#   Set larger code cache with -XX:ReservedCodeCacheSize=
#   JVM is running with Unscaled Compressed Oops mode in which the Java heap is
#     placed in the first 4GB address space. The Java Heap base address is the
#     maximum limit for the native heap growth. Please use -XX:HeapBaseMinAddress
#     to set the Java Heap base and to place the Java Heap above 4GB virtual address.
# This output file may be truncated or incomplete.
#
#  Out of Memory Error (./src/hotspot/share/memory/allocation.cpp:46), pid=6920, tid=24120
#
# JRE version:  (11.0.18+10) (build )
# Java VM: OpenJDK 64-Bit Server VM (11.0.18+10-LTS, mixed mode, sharing, tiered, compressed oops, g1 gc, windows-amd64)
# No core dump will be written. Minidumps are not enabled by default on client versions of Windows
#

---------------  S U M M A R Y ------------

Command Line: org.jetbrains.kotlin.cli.jvm.K2JVMCompiler @C:\Users\Jonathan.Alabi\Desktop\VerveLife2\node_modules\react-native-screens\android\build\20230630_15744800290475702790.compiler.options

Host: Intel(R) Core(TM) i5-10210U CPU @ 1.60GHz, 8 cores, 7G,  Windows 10 , 64 bit Build 19041 (10.0.19041.3031)
Time: Fri Jun 30 20:25:22 2023 W. Central Africa Standard Time elapsed time: 0.074537 seconds (0d 0h 0m 0s)

---------------  T H R E A D  ---------------

Current thread (0x000001fdaed2d000):  JavaThread "Unknown thread" [_thread_in_vm, id=24120, stack(0x000000640ea00000,0x000000640eb00000)]

Stack: [0x000000640ea00000,0x000000640eb00000]
Native frames: (J=compiled Java code, j=interpreted, Vv=VM code, C=native code)
V  [jvm.dll+0x62bf8a]
V  [jvm.dll+0x7b8fb9]
V  [jvm.dll+0x7ba6a8]
V  [jvm.dll+0x7bad83]
V  [jvm.dll+0x250248]
V  [jvm.dll+0xb95d4]
V  [jvm.dll+0x2e5138]
V  [jvm.dll+0x792df7]
V  [jvm.dll+0x79458f]
V  [jvm.dll+0x363c69]
V  [jvm.dll+0x775d70]
V  [jvm.dll+0x3d297f]
V  [jvm.dll+0x3d4d11]
C  [jli.dll+0x5207]
C  [ucrtbase.dll+0x21bb2]
C  [KERNEL32.DLL+0x17614]
C  [ntdll.dll+0x526f1]


---------------  P R O C E S S  ---------------

Threads class SMR info:
_java_thread_list=0x000001fdac3f38b0, length=0, elements={
}

Java Threads: ( => current thread )

Other Threads:

=>0x000001fdaed2d000 (exited) JavaThread "Unknown thread" [_thread_in_vm, id=24120, stack(0x000000640ea00000,0x000000640eb00000)]

Threads with active compile tasks:

VM state:not at safepoint (not fully initialized)

VM Mutex/Monitor currently owned by a thread: None


[error occurred during error reporting (printing compressed oops mode), id 0xc0000005, EXCEPTION_ACCESS_VIOLATION (0xc0000005) at pc=0x00007ffc74863bd7]

GC Heap History (0 events):
No events

Deoptimization events (0 events):
No events

Classes redefined (0 events):
No events

Internal exceptions (0 events):
No events

Events (1 events):
Event: 0.055 Loaded shared library C:\Program Files\Microsoft\jdk-11.0.18.10-hotspot\bin\zip.dll


Dynamic libraries:
0x00007ff70f530000 - 0x00007ff70f53d000 	C:\Program Files\Microsoft\jdk-11.0.18.10-hotspot\bin\java.exe
0x00007ffd23110000 - 0x00007ffd23308000 	C:\Windows\SYSTEM32\ntdll.dll
0x00007ffd213b0000 - 0x00007ffd2146f000 	C:\Windows\System32\KERNEL32.DLL
0x00007ffd20cc0000 - 0x00007ffd20fb6000 	C:\Windows\System32\KERNELBASE.dll
0x00007ffd20b90000 - 0x00007ffd20c90000 	C:\Windows\System32\ucrtbase.dll
0x00007ffd1a4d0000 - 0x00007ffd1a4e7000 	C:\Program Files\Microsoft\jdk-11.0.18.10-hotspot\bin\jli.dll
0x00007ffd15e10000 - 0x00007ffd15e25000 	C:\Program Files\Microsoft\jdk-11.0.18.10-hotspot\bin\VCRUNTIME140.dll
0x00007ffd22cb0000 - 0x00007ffd22e4d000 	C:\Windows\System32\USER32.dll
0x00007ffd20c90000 - 0x00007ffd20cb2000 	C:\Windows\System32\win32u.dll
0x00007ffd21620000 - 0x00007ffd2164c000 	C:\Windows\System32\GDI32.dll
0x00007ffd209d0000 - 0x00007ffd20ae5000 	C:\Windows\System32\gdi32full.dll
0x00007ffd20880000 - 0x00007ffd2091d000 	C:\Windows\System32\msvcp_win.dll
0x00007ffd080e0000 - 0x00007ffd0837a000 	C:\Windows\WinSxS\amd64_microsoft.windows.common-controls_6595b64144ccf1df_6.0.19041.1110_none_60b5254171f9507e\COMCTL32.dll
0x00007ffd21680000 - 0x00007ffd2171e000 	C:\Windows\System32\msvcrt.dll
0x00007ffd21650000 - 0x00007ffd21680000 	C:\Windows\System32\IMM32.DLL
0x00007ffd07f70000 - 0x00007ffd080db000 	C:\Windows\system32\tmumh\20019\AddOn\8.55.0.1129\TmUmEvt64.dll
0x00007ffd22e50000 - 0x00007ffd22e58000 	C:\Windows\System32\PSAPI.DLL
0x00007ffd225b0000 - 0x00007ffd2265f000 	C:\Windows\System32\ADVAPI32.dll
0x00007ffd21d60000 - 0x00007ffd21dfc000 	C:\Windows\System32\sechost.dll
0x00007ffd21720000 - 0x00007ffd21846000 	C:\Windows\System32\RPCRT4.dll
0x0000000058e40000 - 0x0000000058fb3000 	C:\Windows\system32\tmumh\20019\TmMon\2.9.0.1048\tmmon64.dll
0x00007ffcedb20000 - 0x00007ffcedbbb000 	C:\Program Files\Microsoft\jdk-11.0.18.10-hotspot\bin\msvcp140.dll
0x00007ffc740d0000 - 0x00007ffc74c62000 	C:\Program Files\Microsoft\jdk-11.0.18.10-hotspot\bin\server\jvm.dll
0x00007ffd019f0000 - 0x00007ffd019f9000 	C:\Windows\SYSTEM32\WSOCK32.dll
0x00007ffd22c40000 - 0x00007ffd22cab000 	C:\Windows\System32\WS2_32.dll
0x00007ffcf63e0000 - 0x00007ffcf6407000 	C:\Windows\SYSTEM32\WINMM.dll
0x00007ffd18ab0000 - 0x00007ffd18aba000 	C:\Windows\SYSTEM32\VERSION.dll
0x00007ffd1ef30000 - 0x00007ffd1ef42000 	C:\Windows\SYSTEM32\kernel.appcore.dll
0x00007ffd1f940000 - 0x00007ffd1f950000 	C:\Program Files\Microsoft\jdk-11.0.18.10-hotspot\bin\verify.dll
0x00007ffd1e460000 - 0x00007ffd1e644000 	C:\Windows\SYSTEM32\DBGHELP.DLL
0x00007ffd01890000 - 0x00007ffd018c4000 	C:\Windows\SYSTEM32\dbgcore.DLL
0x00007ffd207f0000 - 0x00007ffd20872000 	C:\Windows\System32\bcryptPrimitives.dll
0x00007ffd0ac50000 - 0x00007ffd0ac78000 	C:\Program Files\Microsoft\jdk-11.0.18.10-hotspot\bin\java.dll
0x00007ffd19600000 - 0x00007ffd1960a000 	C:\Program Files\Microsoft\jdk-11.0.18.10-hotspot\bin\jimage.dll
0x00007ffd0ac30000 - 0x00007ffd0ac48000 	C:\Program Files\Microsoft\jdk-11.0.18.10-hotspot\bin\zip.dll

dbghelp: loaded successfully - version: 4.0.5 - missing functions: none
symbol engine: initialized successfully - sym options: 0x614 - pdb path: .;C:\Program Files\Microsoft\jdk-11.0.18.10-hotspot\bin;C:\Windows\SYSTEM32;C:\Windows\WinSxS\amd64_microsoft.windows.common-controls_6595b64144ccf1df_6.0.19041.1110_none_60b5254171f9507e;C:\Windows\system32\tmumh\20019\AddOn\8.55.0.1129;C:\Windows\system32\tmumh\20019\TmMon\2.9.0.1048;C:\Program Files\Microsoft\jdk-11.0.18.10-hotspot\bin\server

VM Arguments:
java_command: org.jetbrains.kotlin.cli.jvm.K2JVMCompiler @C:\Users\Jonathan.Alabi\Desktop\VerveLife2\node_modules\react-native-screens\android\build\20230630_15744800290475702790.compiler.options
java_class_path (initial): C:\Users\Jonathan.Alabi\.gradle\caches\modules-2\files-2.1\org.jetbrains.kotlin\kotlin-compiler-embeddable\1.6.21\97bdd5a752ce73b58ef16c17bc7f0ea2faff7a2e\kotlin-compiler-embeddable-1.6.21.jar;C:\Users\Jonathan.Alabi\.gradle\caches\modules-2\files-2.1\org.jetbrains.kotlin\kotlin-reflect\1.6.21\5dc3574d9b7bebfcb4ec6b10ada4aaa9e140bd0b\kotlin-reflect-1.6.21.jar;C:\Users\Jonathan.Alabi\.gradle\caches\modules-2\files-2.1\org.jetbrains.kotlin\kotlin-stdlib\1.6.21\11ef67f1900634fd951bad28c53ec957fabbe5b8\kotlin-stdlib-1.6.21.jar;C:\Users\Jonathan.Alabi\.gradle\caches\modules-2\files-2.1\org.jetbrains.kotlin\kotlin-script-runtime\1.6.21\99c6675100da5d6d5b1c5a1032f27f28008d101b\kotlin-script-runtime-1.6.21.jar;C:\Users\Jonathan.Alabi\.gradle\caches\modules-2\files-2.1\org.jetbrains.kotlin\kotlin-daemon-embeddable\1.6.21\46b78cf392e1c4f10854c3cadba44abb7b82250f\kotlin-daemon-embeddable-1.6.21.jar;C:\Users\Jonathan.Alabi\.gradle\caches\modules-2\files-2.1\org.jetbrains.intellij.deps\trove4j\1.0.20200330\3afb14d5f9ceb459d724e907a21145e8ff394f02\trove4j-1.0.20200330.jar;C:\Users\Jonathan.Alabi\.gradle\caches\modules-2\files-2.1\net.java.dev.jna\jna\5.6.0\330f2244e9030119ab3030fc3fededc86713d9cc\jna-5.6.0.jar;C:\Users\Jonathan.Alabi\.gradle\caches\modules-2\files-2.1\org.jetbrains.kotlin\kotlin-stdlib-common\1.6.21\5e5b55c26dbc80372a920aef60eb774b714559b8\kotlin-stdlib-common-1.6.21.jar;C:\Users\Jonathan.Alabi\.gradle\caches\modules-2\files-2.1\org.jetbrains\annotations\13.0\919f0dfe192fb4e063e7dacadee7f8bb9a2672a9\annotations-13.0.jar
Launcher Type: SUN_STANDARD

[Global flags]
     intx CICompilerCount                          = 4                                         {product} {ergonomic}
     uint G1ConcRefinementThreads                  = 8                                         {product} {ergonomic}
   size_t G1HeapRegionSize                         = 1048576                                   {product} {ergonomic}
    uintx GCDrainStackTargetSize                   = 64                                        {product} {ergonomic}
   size_t InitialHeapSize                          = 132120576                                 {product} {ergonomic}
   size_t MaxHeapSize                              = 2082471936                                {product} {ergonomic}
   size_t MinHeapDeltaBytes                        = 1048576                                   {product} {ergonomic}
    uintx NonNMethodCodeHeapSize                   = 5836300                                {pd product} {ergonomic}
    uintx NonProfiledCodeHeapSize                  = 122910970                              {pd product} {ergonomic}
    uintx ProfiledCodeHeapSize                     = 122910970                              {pd product} {ergonomic}
    uintx ReservedCodeCacheSize                    = 251658240                              {pd product} {ergonomic}
     bool SegmentedCodeCache                       = true                                      {product} {ergonomic}
     bool UseCompressedClassPointers               = true                                 {lp64_product} {ergonomic}
     bool UseCompressedOops                        = true                                 {lp64_product} {ergonomic}
     bool UseG1GC                                  = true                                      {product} {ergonomic}
     bool UseLargePagesIndividualAllocation        = false                                  {pd product} {ergonomic}

Logging:
Log output configuration:
 #0: stdout all=warning uptime,level,tags
 #1: stderr all=off uptime,level,tags

Environment Variables:
JAVA_HOME=C:\Program Files\Microsoft\jdk-11.0.18.10-hotspot\
CLASSPATH=C:\Users\Jonathan.Alabi\Desktop\VerveLife2\android\\gradle\wrapper\gradle-wrapper.jar
PATH=C:\Users\Jonathan.Alabi\Desktop\VerveLife2\node_modules\.bin;C:\Users\Jonathan.Alabi\Desktop\VerveLife2\node_modules\.bin;C:\Users\Jonathan.Alabi\Desktop\node_modules\.bin;C:\Users\Jonathan.Alabi\node_modules\.bin;C:\Users\node_modules\.bin;C:\node_modules\.bin;C:\Users\Jonathan.Alabi\AppData\Roaming\npm\node_modules\npm\node_modules\@npmcli\run-script\lib\node-gyp-bin;C:\Program Files\Microsoft\jdk-11.0.18.10-hotspot\bin;C:\Windows\system32;C:\Windows;C:\Windows\System32\Wbem;C:\Windows\System32\WindowsPowerShell\v1.0\;C:\Windows\System32\OpenSSH\;C:\ProgramData\chocolatey\bin;C:\Program Files\nodejs\;C:\Users\Jonathan.Alabi\AppData\Local\Microsoft\WindowsApps;C:\Users\Jonathan.Alabi\AppData\Local\Programs\Microsoft VS Code\bin;C:\Users\Jonathan.Alabi\AppData\Local\Programs\Git\cmd;C:\Users\Jonathan.Alabi\AppData\Local\Android\Sdk\platform-tools;C:\Users\Jonathan.Alabi\AppData\Roaming\npm;
USERNAME=Jonathan.Alabi
LANG=en_US.UTF-8
OS=Windows_NT
PROCESSOR_IDENTIFIER=Intel64 Family 6 Model 142 Stepping 12, GenuineIntel
TMP=C:\Users\JONATH~1.ALA\AppData\Local\Temp
TEMP=C:\Users\JONATH~1.ALA\AppData\Local\Temp



---------------  S Y S T E M  ---------------

OS: Windows 10 , 64 bit Build 19041 (10.0.19041.3031)
OS uptime: 1 days 21:11 hours
Hyper-V role detected

CPU:total 8 (initial active 8) (4 cores per cpu, 2 threads per core) family 6 model 142 stepping 12 microcode 0xea, cmov, cx8, fxsr, mmx, sse, sse2, sse3, ssse3, sse4.1, sse4.2, popcnt, avx, avx2, aes, clmul, erms, 3dnowpref, lzcnt, ht, tsc, tscinvbit, bmi1, bmi2, adx, fma

Memory: 4k page, system-wide physical 7942M (380M free)
TotalPageFile size 20230M (AvailPageFile size 0M)
current process WorkingSet (physical memory assigned to process): 11M, peak: 11M
current process commit charge ("private bytes"): 15M, peak: 16M

vm_info: OpenJDK 64-Bit Server VM (11.0.18+10-LTS) for windows-amd64 JRE (11.0.18+10-LTS), built on Jan 18 2023 15:56:47 by "MicrosoftCorporation" with MS VC++ 15.9 (VS2017)

END.
